<?xml version="1.0" encoding="UTF-8"?>
<!-- Generated by org.testng.reporters.JUnitReportReporter -->
<testsuite skipped="0" hostname="SKAMBOJ6440" name="Run.KeyDriverUsingXml" tests="1" failures="0" timestamp="18 Mar 2018 09:34:06 GMT" time="44.835" errors="0">
  <testcase name="executeTest" time="44.835" classname="Run.KeyDriverUsingXml"/>
</testsuite> <!-- Run.KeyDriverUsingXml -->
