<?xml version="1.0" encoding="UTF-8"?>
<!-- Generated by org.testng.reporters.JUnitReportReporter -->
<testsuite skipped="0" hostname="SKAMBOJ6440" name="Run.KeyDriver" tests="1" failures="0" timestamp="17 Mar 2018 23:18:10 GMT" time="13.398" errors="0">
  <testcase name="executeTest" time="13.398" classname="Run.KeyDriver"/>
</testsuite> <!-- Run.KeyDriver -->
